#
# A fatal error has been detected by the Java Runtime Environment:
#
#  EXCEPTION_ACCESS_VIOLATION (0xc0000005) at pc=0x00007ffa0adbc9dd, pid=11968, tid=0x000000000000187c
#
# JRE version: Java(TM) SE Runtime Environment (8.0_201-b09) (build 1.8.0_201-b09)
# Java VM: Java HotSpot(TM) 64-Bit Server VM (25.201-b09 mixed mode windows-amd64 compressed oops)
# Problematic frame:
# C  [msctfuimanager.dll+0xc9dd]
#
# Failed to write core dump. Minidumps are not enabled by default on client versions of Windows
#
# If you would like to submit a bug report, please visit:
#   http://bugreport.java.com/bugreport/crash.jsp
# The crash happened outside the Java Virtual Machine in native code.
# See problematic frame for where to report the bug.
#

---------------  T H R E A D  ---------------

Current thread (0x000000001c09a800):  JavaThread "AWT-Windows" daemon [_thread_in_native, id=6268, stack(0x000000001c780000,0x000000001c880000)]

siginfo: ExceptionCode=0xc0000005, reading address 0x0000000000000018

Registers:
RAX=0x0000000000000000, RBX=0x00000000216c56c0, RCX=0x000000000007ca40, RDX=0x000000001c87d3e0
RSP=0x000000001c87d380, RBP=0x000000001c87d3c0, RSI=0x000000000007ca40, RDI=0x000000000007ca40
R8 =0x000000001c87d2a8, R9 =0x000000001c87d310, R10=0x0000000000000000, R11=0x0000000000000246
R12=0x0000000000000000, R13=0x00000000216b1db8, R14=0x0000000000000050, R15=0x000000001c87d860
RIP=0x00007ffa0adbc9dd, EFLAGS=0x0000000000010246

Top of Stack: (sp=0x000000001c87d380)
0x000000001c87d380:   0000000700000e65 0000000000000000
0x000000001c87d390:   000000001c87d860 0000000000000050
0x000000001c87d3a0:   0000000000000804 00007ffa0adc9312
0x000000001c87d3b0:   0000000000000000 0000000000000804
0x000000001c87d3c0:   000000000007ca40 00000000216c56c0
0x000000001c87d3d0:   000000001c87d4e0 00007ffa0adbbfba
0x000000001c87d3e0:   0000000000000000 0000000000000000
0x000000001c87d3f0:   000000001c87d4e0 00000000216c56c0
0x000000001c87d400:   0000000000000000 0000000000000010
0x000000001c87d410:   0000000000000000 000000001c87d430
0x000000001c87d420:   0000000000000000 0000000000000000
0x000000001c87d430:   0000000000000000 0000000000000804
0x000000001c87d440:   00000000216e4160 000000001c87d860
0x000000001c87d450:   000000001c87d878 0000000000000e65
0x000000001c87d460:   0000000000000007 0000000000000001
0x000000001c87d470:   00000000216c58a4 0000001700000000 

Instructions: (pc=0x00007ffa0adbc9dd)
0x00007ffa0adbc9bd:   09 00 00 44 8b cb e8 00 5b ff ff 8b c3 e9 3b 01
0x00007ffa0adbc9cd:   00 00 48 8b 02 48 8b ce 83 65 20 00 48 8d 55 20
0x00007ffa0adbc9dd:   48 8b 40 18 ff 15 49 10 04 00 8b f8 85 c0 79 1d
0x00007ffa0adbc9ed:   48 8b 4d 18 4c 8d 05 68 2f 04 00 44 8b c8 ba ae 


Register to memory mapping:

RAX=0x0000000000000000 is an unknown value
RBX=0x00000000216c56c0 is an unknown value
RCX=0x000000000007ca40 is an unknown value
RDX=0x000000001c87d3e0 is pointing into the stack for thread: 0x000000001c09a800
RSP=0x000000001c87d380 is pointing into the stack for thread: 0x000000001c09a800
RBP=0x000000001c87d3c0 is pointing into the stack for thread: 0x000000001c09a800
RSI=0x000000000007ca40 is an unknown value
RDI=0x000000000007ca40 is an unknown value
R8 =0x000000001c87d2a8 is pointing into the stack for thread: 0x000000001c09a800
R9 =0x000000001c87d310 is pointing into the stack for thread: 0x000000001c09a800
R10=0x0000000000000000 is an unknown value
R11=0x0000000000000246 is an unknown value
R12=0x0000000000000000 is an unknown value
R13=0x00000000216b1db8 is an unknown value
R14=0x0000000000000050 is an unknown value
R15=0x000000001c87d860 is pointing into the stack for thread: 0x000000001c09a800


Stack: [0x000000001c780000,0x000000001c880000],  sp=0x000000001c87d380,  free space=1012k
Native frames: (J=compiled Java code, j=interpreted, Vv=VM code, C=native code)
C  [msctfuimanager.dll+0xc9dd]
C  [msctfuimanager.dll+0xbfba]
C  [msctfuimanager.dll+0xd12e]
C  [msctfuimanager.dll+0x4afa]
C  [MSCTF.dll+0xa4086]
C  [MSCTF.dll+0x9e1e8]
C  [MSCTF.dll+0xa21ee]
C  [MSCTF.dll+0x8844f]
C  [MSCTF.dll+0x52523]
C  [MSCTF.dll+0x88f03]
C  [MSCTF.dll+0xa2b5c]
C  [MSCTF.dll+0x9e0a4]
C  [MSCTF.dll+0x9c4e]
C  [MSCTF.dll+0x9be0]
C  [MSCTF.dll+0xb4ed]
C  [MSCTF.dll+0x2cbe9]
C  [MSCTF.dll+0x39af4]
C  [MSCTF.dll+0xc12e]
C  [MSCTF.dll+0xbfdb]
C  [MSCTF.dll+0xa6328]
C  [MSCTF.dll+0xa2048]
C  [MSCTF.dll+0x8844f]
C  [MSCTF.dll+0x52557]
C  [MSCTF.dll+0x55513]
C  [USER32.dll+0xca66]
C  [USER32.dll+0xc582]
C  [awt.dll+0xcd32c]
C  [awt.dll+0xcd5db]
C  0x0000000002fa8c67

Java frames: (J=compiled Java code, j=interpreted, Vv=VM code)
j  sun.awt.windows.WToolkit.eventLoop()V+0
j  sun.awt.windows.WToolkit.run()V+58
j  java.lang.Thread.run()V+11
v  ~StubRoutines::call_stub

---------------  P R O C E S S  ---------------

Java Threads: ( => current thread )
  0x0000000021992800 JavaThread "Image Fetcher 0" daemon [_thread_blocked, id=2492, stack(0x0000000075580000,0x0000000075680000)]
  0x000000001ef0f000 JavaThread "TimerQueue" daemon [_thread_blocked, id=8268, stack(0x00000000212a0000,0x00000000213a0000)]
  0x0000000002e93000 JavaThread "DestroyJavaVM" [_thread_blocked, id=3764, stack(0x0000000002d90000,0x0000000002e90000)]
  0x000000001c0a2800 JavaThread "AWT-EventQueue-0" [_thread_blocked, id=11508, stack(0x000000001ca40000,0x000000001cb40000)]
=>0x000000001c09a800 JavaThread "AWT-Windows" daemon [_thread_in_native, id=6268, stack(0x000000001c780000,0x000000001c880000)]
  0x000000001c099800 JavaThread "AWT-Shutdown" [_thread_blocked, id=6308, stack(0x000000001c680000,0x000000001c780000)]
  0x000000001c095000 JavaThread "Java2D Disposer" daemon [_thread_blocked, id=5128, stack(0x000000001baf0000,0x000000001bbf0000)]
  0x000000001afc5800 JavaThread "Service Thread" daemon [_thread_blocked, id=5964, stack(0x000000001b840000,0x000000001b940000)]
  0x0000000019c1c800 JavaThread "C1 CompilerThread2" daemon [_thread_blocked, id=9136, stack(0x000000001b740000,0x000000001b840000)]
  0x0000000019c0b800 JavaThread "C2 CompilerThread1" daemon [_thread_blocked, id=4436, stack(0x000000001b640000,0x000000001b740000)]
  0x0000000019c07000 JavaThread "C2 CompilerThread0" daemon [_thread_blocked, id=5116, stack(0x000000001b540000,0x000000001b640000)]
  0x000000001af83800 JavaThread "Attach Listener" daemon [_thread_blocked, id=2792, stack(0x000000001b440000,0x000000001b540000)]
  0x000000001af82800 JavaThread "Signal Dispatcher" daemon [_thread_blocked, id=7356, stack(0x000000001b340000,0x000000001b440000)]
  0x0000000019bda800 JavaThread "Finalizer" daemon [_thread_blocked, id=4660, stack(0x000000001ae40000,0x000000001af40000)]
  0x0000000002f80000 JavaThread "Reference Handler" daemon [_thread_blocked, id=2140, stack(0x000000001ad40000,0x000000001ae40000)]

Other Threads:
  0x0000000019bb8000 VMThread [stack: 0x000000001ac40000,0x000000001ad40000] [id=1460]
  0x000000001afe8800 WatcherThread [stack: 0x000000001b940000,0x000000001ba40000] [id=7848]

VM state:not at safepoint (normal execution)

VM Mutex/Monitor currently owned by a thread: None

heap address: 0x0000000708c00000, size: 2932 MB, Compressed Oops mode: Zero based, Oop shift amount: 3
Narrow klass base: 0x0000000000000000, Narrow klass shift: 3
Compressed class space size: 1073741824 Address: 0x00000007c0000000

Heap:
 PSYoungGen      total 945664K, used 872129K [0x0000000782f00000, 0x00000007c0000000, 0x00000007c0000000)
  eden space 890880K, 97% used [0x0000000782f00000,0x00000007b82305f8,0x00000007b9500000)
  from space 54784K, 0% used [0x00000007bca80000,0x00000007bcb00000,0x00000007c0000000)
  to   space 54784K, 0% used [0x00000007b9500000,0x00000007b9500000,0x00000007bca80000)
 ParOldGen       total 218112K, used 114420K [0x0000000708c00000, 0x0000000716100000, 0x0000000782f00000)
  object space 218112K, 52% used [0x0000000708c00000,0x000000070fbbd1c0,0x0000000716100000)
 Metaspace       used 48914K, capacity 51116K, committed 51328K, reserved 1093632K
  class space    used 6188K, capacity 7026K, committed 7040K, reserved 1048576K

Card table byte_map: [0x0000000012350000,0x0000000012910000] byte_map_base: 0x000000000eb0a000

Marking Bits: (ParMarkBitMap*) 0x000000006b0a4ce0
 Begin Bits: [0x00000000130f0000, 0x0000000015ec0000)
 End Bits:   [0x0000000015ec0000, 0x0000000018c90000)

Polling page: 0x0000000000cf0000

CodeCache: size=245760Kb used=35164Kb max_used=35319Kb free=210595Kb
 bounds [0x0000000002f90000, 0x0000000005270000, 0x0000000011f90000]
 total_blobs=9984 nmethods=9285 adapters=609
 compilation: enabled

Compilation events (10 events):
Event: 6934.194 Thread 0x0000000019c1c800 nmethod 12472 0x000000000469a810 code [0x000000000469a9a0, 0x000000000469ae28]
Event: 6934.198 Thread 0x0000000019c1c800 12473       3       javax.swing.text.PlainView::setSize (11 bytes)
Event: 6934.198 Thread 0x0000000019c1c800 nmethod 12473 0x000000000363f190 code [0x000000000363f300, 0x000000000363f568]
Event: 6934.213 Thread 0x0000000019c07000 nmethod 12471% 0x00000000037b3650 code [0x00000000037b3820, 0x00000000037b46f8]
Event: 6934.238 Thread 0x0000000019c1c800 12474  s    3       java.awt.KeyboardFocusManager::getMostRecentFocusOwner (29 bytes)
Event: 6934.238 Thread 0x0000000019c1c800 nmethod 12474 0x0000000003524150 code [0x00000000035242e0, 0x0000000003524928]
Event: 6934.238 Thread 0x0000000019c0b800 12475       4       java.awt.Container::insets (42 bytes)
Event: 6934.244 Thread 0x0000000019c0b800 nmethod 12475 0x0000000003609550 code [0x00000000036096c0, 0x0000000003609a28]
Event: 6934.270 Thread 0x0000000019c1c800 12476       3       sun.java2d.SurfaceData::validatePipe (785 bytes)
Event: 6934.272 Thread 0x0000000019c1c800 nmethod 12476 0x0000000004705a50 code [0x0000000004705d40, 0x0000000004707c08]

GC Heap History (10 events):
Event: 6915.337 GC heap before
{Heap before GC invocations=64 (full 4):
 PSYoungGen      total 892416K, used 892230K [0x0000000782f00000, 0x00000007bdf00000, 0x00000007c0000000)
  eden space 857088K, 100% used [0x0000000782f00000,0x00000007b7400000,0x00000007b7400000)
  from space 35328K, 99% used [0x00000007b9b00000,0x00000007bbd51aa0,0x00000007bbd80000)
  to   space 34304K, 0% used [0x00000007bbd80000,0x00000007bbd80000,0x00000007bdf00000)
 ParOldGen       total 218112K, used 82357K [0x0000000708c00000, 0x0000000716100000, 0x0000000782f00000)
  object space 218112K, 37% used [0x0000000708c00000,0x000000070dc6d7a8,0x0000000716100000)
 Metaspace       used 48188K, capacity 50396K, committed 50560K, reserved 1093632K
  class space    used 6076K, capacity 6960K, committed 7040K, reserved 1048576K
Event: 6915.406 GC heap after
Heap after GC invocations=64 (full 4):
 PSYoungGen      total 910336K, used 32808K [0x0000000782f00000, 0x00000007c0000000, 0x00000007c0000000)
  eden space 876032K, 0% used [0x0000000782f00000,0x0000000782f00000,0x00000007b8680000)
  from space 34304K, 95% used [0x00000007bbd80000,0x00000007bdd8a268,0x00000007bdf00000)
  to   space 56320K, 0% used [0x00000007b8680000,0x00000007b8680000,0x00000007bbd80000)
 ParOldGen       total 218112K, used 82365K [0x0000000708c00000, 0x0000000716100000, 0x0000000782f00000)
  object space 218112K, 37% used [0x0000000708c00000,0x000000070dc6f7a8,0x0000000716100000)
 Metaspace       used 48188K, capacity 50396K, committed 50560K, reserved 1093632K
  class space    used 6076K, capacity 6960K, committed 7040K, reserved 1048576K
}
Event: 6915.711 GC heap before
{Heap before GC invocations=65 (full 4):
 PSYoungGen      total 910336K, used 908840K [0x0000000782f00000, 0x00000007c0000000, 0x00000007c0000000)
  eden space 876032K, 100% used [0x0000000782f00000,0x00000007b8680000,0x00000007b8680000)
  from space 34304K, 95% used [0x00000007bbd80000,0x00000007bdd8a268,0x00000007bdf00000)
  to   space 56320K, 0% used [0x00000007b8680000,0x00000007b8680000,0x00000007bbd80000)
 ParOldGen       total 218112K, used 82365K [0x0000000708c00000, 0x0000000716100000, 0x0000000782f00000)
  object space 218112K, 37% used [0x0000000708c00000,0x000000070dc6f7a8,0x0000000716100000)
 Metaspace       used 48189K, capacity 50396K, committed 50560K, reserved 1093632K
  class space    used 6076K, capacity 6960K, committed 7040K, reserved 1048576K
Event: 6915.764 GC heap after
Heap after GC invocations=65 (full 4):
 PSYoungGen      total 932352K, used 30040K [0x0000000782f00000, 0x00000007c0000000, 0x00000007c0000000)
  eden space 876032K, 0% used [0x0000000782f00000,0x0000000782f00000,0x00000007b8680000)
  from space 56320K, 53% used [0x00000007b8680000,0x00000007ba3d6258,0x00000007bbd80000)
  to   space 56320K, 0% used [0x00000007bc900000,0x00000007bc900000,0x00000007c0000000)
 ParOldGen       total 218112K, used 84857K [0x0000000708c00000, 0x0000000716100000, 0x0000000782f00000)
  object space 218112K, 38% used [0x0000000708c00000,0x000000070dede7d8,0x0000000716100000)
 Metaspace       used 48189K, capacity 50396K, committed 50560K, reserved 1093632K
  class space    used 6076K, capacity 6960K, committed 7040K, reserved 1048576K
}
Event: 6915.892 GC heap before
{Heap before GC invocations=66 (full 4):
 PSYoungGen      total 932352K, used 906072K [0x0000000782f00000, 0x00000007c0000000, 0x00000007c0000000)
  eden space 876032K, 100% used [0x0000000782f00000,0x00000007b8680000,0x00000007b8680000)
  from space 56320K, 53% used [0x00000007b8680000,0x00000007ba3d6258,0x00000007bbd80000)
  to   space 56320K, 0% used [0x00000007bc900000,0x00000007bc900000,0x00000007c0000000)
 ParOldGen       total 218112K, used 84857K [0x0000000708c00000, 0x0000000716100000, 0x0000000782f00000)
  object space 218112K, 38% used [0x0000000708c00000,0x000000070dede7d8,0x0000000716100000)
 Metaspace       used 48190K, capacity 50396K, committed 50560K, reserved 1093632K
  class space    used 6076K, capacity 6960K, committed 7040K, reserved 1048576K
Event: 6915.917 GC heap after
Heap after GC invocations=66 (full 4):
 PSYoungGen      total 940032K, used 25624K [0x0000000782f00000, 0x00000007bfc00000, 0x00000007c0000000)
  eden space 887808K, 0% used [0x0000000782f00000,0x0000000782f00000,0x00000007b9200000)
  from space 52224K, 49% used [0x00000007bc900000,0x00000007be206258,0x00000007bfc00000)
  to   space 54272K, 0% used [0x00000007b9200000,0x00000007b9200000,0x00000007bc700000)
 ParOldGen       total 218112K, used 88657K [0x0000000708c00000, 0x0000000716100000, 0x0000000782f00000)
  object space 218112K, 40% used [0x0000000708c00000,0x000000070e2947d8,0x0000000716100000)
 Metaspace       used 48190K, capacity 50396K, committed 50560K, reserved 1093632K
  class space    used 6076K, capacity 6960K, committed 7040K, reserved 1048576K
}
Event: 6915.976 GC heap before
{Heap before GC invocations=67 (full 4):
 PSYoungGen      total 940032K, used 913432K [0x0000000782f00000, 0x00000007bfc00000, 0x00000007c0000000)
  eden space 887808K, 100% used [0x0000000782f00000,0x00000007b9200000,0x00000007b9200000)
  from space 52224K, 49% used [0x00000007bc900000,0x00000007be206258,0x00000007bfc00000)
  to   space 54272K, 0% used [0x00000007b9200000,0x00000007b9200000,0x00000007bc700000)
 ParOldGen       total 218112K, used 88657K [0x0000000708c00000, 0x0000000716100000, 0x0000000782f00000)
  object space 218112K, 40% used [0x0000000708c00000,0x000000070e2947d8,0x0000000716100000)
 Metaspace       used 48190K, capacity 50396K, committed 50560K, reserved 1093632K
  class space    used 6076K, capacity 6960K, committed 7040K, reserved 1048576K
Event: 6916.027 GC heap after
Heap after GC invocations=67 (full 4):
 PSYoungGen      total 942080K, used 320K [0x0000000782f00000, 0x00000007c0000000, 0x00000007c0000000)
  eden space 887808K, 0% used [0x0000000782f00000,0x0000000782f00000,0x00000007b9200000)
  from space 54272K, 0% used [0x00000007b9200000,0x00000007b9250000,0x00000007bc700000)
  to   space 54784K, 0% used [0x00000007bca80000,0x00000007bca80000,0x00000007c0000000)
 ParOldGen       total 218112K, used 114396K [0x0000000708c00000, 0x0000000716100000, 0x0000000782f00000)
  object space 218112K, 52% used [0x0000000708c00000,0x000000070fbb71c0,0x0000000716100000)
 Metaspace       used 48190K, capacity 50396K, committed 50560K, reserved 1093632K
  class space    used 6076K, capacity 6960K, committed 7040K, reserved 1048576K
}
Event: 6916.090 GC heap before
{Heap before GC invocations=68 (full 4):
 PSYoungGen      total 942080K, used 888128K [0x0000000782f00000, 0x00000007c0000000, 0x00000007c0000000)
  eden space 887808K, 100% used [0x0000000782f00000,0x00000007b9200000,0x00000007b9200000)
  from space 54272K, 0% used [0x00000007b9200000,0x00000007b9250000,0x00000007bc700000)
  to   space 54784K, 0% used [0x00000007bca80000,0x00000007bca80000,0x00000007c0000000)
 ParOldGen       total 218112K, used 114396K [0x0000000708c00000, 0x0000000716100000, 0x0000000782f00000)
  object space 218112K, 52% used [0x0000000708c00000,0x000000070fbb71c0,0x0000000716100000)
 Metaspace       used 48190K, capacity 50396K, committed 50560K, reserved 1093632K
  class space    used 6076K, capacity 6960K, committed 7040K, reserved 1048576K
Event: 6916.092 GC heap after
Heap after GC invocations=68 (full 4):
 PSYoungGen      total 945664K, used 512K [0x0000000782f00000, 0x00000007c0000000, 0x00000007c0000000)
  eden space 890880K, 0% used [0x0000000782f00000,0x0000000782f00000,0x00000007b9500000)
  from space 54784K, 0% used [0x00000007bca80000,0x00000007bcb00000,0x00000007c0000000)
  to   space 54784K, 0% used [0x00000007b9500000,0x00000007b9500000,0x00000007bca80000)
 ParOldGen       total 218112K, used 114420K [0x0000000708c00000, 0x0000000716100000, 0x0000000782f00000)
  object space 218112K, 52% used [0x0000000708c00000,0x000000070fbbd1c0,0x0000000716100000)
 Metaspace       used 48190K, capacity 50396K, committed 50560K, reserved 1093632K
  class space    used 6076K, capacity 6960K, committed 7040K, reserved 1048576K
}

Deoptimization events (10 events):
Event: 6932.280 Thread 0x0000000021992800 Uncommon trap: reason=bimorphic action=maybe_recompile pc=0x00000000043a30a0 method=java.io.DataInputStream.readByte()B @ 4
Event: 6932.280 Thread 0x0000000021992800 Uncommon trap: reason=bimorphic action=maybe_recompile pc=0x00000000043a30a0 method=java.io.DataInputStream.readByte()B @ 4
Event: 6932.282 Thread 0x000000001c0a2800 Uncommon trap: reason=unstable_if action=reinterpret pc=0x0000000003ba71c8 method=javax.swing.text.StyleContext$SmallAttributeSet.isDefined(Ljava/lang/Object;)Z @ 25
Event: 6932.283 Thread 0x000000001c0a2800 Uncommon trap: reason=unstable_if action=reinterpret pc=0x00000000036d3f30 method=javax.swing.text.StyleContext$SmallAttributeSet.isDefined(Ljava/lang/Object;)Z @ 25
Event: 6933.316 Thread 0x000000001c0a2800 Uncommon trap: reason=class_check action=maybe_recompile pc=0x0000000003276e38 method=sun.awt.windows.WToolkit.showOrHideTouchKeyboard(Ljava/awt/Component;Ljava/awt/AWTEvent;)V @ 16
Event: 6934.170 Thread 0x000000001c0a2800 Uncommon trap: reason=unstable_if action=reinterpret pc=0x000000000327665c method=java.awt.EventQueue.setCurrentEventAndMostRecentTimeImpl(Ljava/awt/AWTEvent;)V @ 87
Event: 6934.171 Thread 0x000000001c0a2800 Uncommon trap: reason=unstable_if action=reinterpret pc=0x0000000004af7540 method=java.awt.Component.processEvent(Ljava/awt/AWTEvent;)V @ 149
Event: 6934.194 Thread 0x000000001c0a2800 Uncommon trap: reason=unstable_if action=reinterpret pc=0x000000000403161c method=javax.swing.text.StyleContext$SmallAttributeSet.isDefined(Ljava/lang/Object;)Z @ 25
Event: 6934.199 Thread 0x000000001c0a2800 Uncommon trap: reason=unstable_if action=reinterpret pc=0x00000000043e9104 method=sun.java2d.SunGraphics2D.validateColor()V @ 28
Event: 6934.199 Thread 0x000000001c0a2800 Uncommon trap: reason=unstable_if action=reinterpret pc=0x0000000004e6facc method=sun.java2d.SurfaceData.validatePipe(Lsun/java2d/SunGraphics2D;)V @ 12

Classes redefined (0 events):
No events

Internal exceptions (10 events):
Event: 6918.872 Thread 0x000000001c0a2800 Implicit null exception at 0x00000000033d4c76 to 0x00000000033d4dd2
Event: 6918.872 Thread 0x000000001c0a2800 Exception <a 'java/lang/NullPointerException'> (0x00000007b0ecb0e8) thrown at [C:\re\workspace\8-2-build-windows-amd64-cygwin\jdk8u201\12322\hotspot\src\share\vm\runtime\sharedRuntime.cpp, line 605]
Event: 6918.893 Thread 0x000000001c0a2800 Implicit null exception at 0x00000000033d4c76 to 0x00000000033d4dd2
Event: 6918.893 Thread 0x000000001c0a2800 Exception <a 'java/lang/NullPointerException'> (0x00000007b1001200) thrown at [C:\re\workspace\8-2-build-windows-amd64-cygwin\jdk8u201\12322\hotspot\src\share\vm\runtime\sharedRuntime.cpp, line 605]
Event: 6918.934 Thread 0x000000001c0a2800 Implicit null exception at 0x00000000033d4c76 to 0x00000000033d4dd2
Event: 6918.934 Thread 0x000000001c0a2800 Exception <a 'java/lang/NullPointerException'> (0x00000007b153a768) thrown at [C:\re\workspace\8-2-build-windows-amd64-cygwin\jdk8u201\12322\hotspot\src\share\vm\runtime\sharedRuntime.cpp, line 605]
Event: 6918.935 Thread 0x000000001c0a2800 Implicit null exception at 0x00000000033d4c76 to 0x00000000033d4dd2
Event: 6918.935 Thread 0x000000001c0a2800 Exception <a 'java/lang/NullPointerException'> (0x00000007b159fa88) thrown at [C:\re\workspace\8-2-build-windows-amd64-cygwin\jdk8u201\12322\hotspot\src\share\vm\runtime\sharedRuntime.cpp, line 605]
Event: 6918.938 Thread 0x000000001c0a2800 Implicit null exception at 0x00000000033d4c76 to 0x00000000033d4dd2
Event: 6918.938 Thread 0x000000001c0a2800 Exception <a 'java/lang/NullPointerException'> (0x00000007b1609718) thrown at [C:\re\workspace\8-2-build-windows-amd64-cygwin\jdk8u201\12322\hotspot\src\share\vm\runtime\sharedRuntime.cpp, line 605]

Events (10 events):
Event: 6934.199 Thread 0x000000001c0a2800 Uncommon trap: trap_request=0xffffff65 fr.pc=0x00000000043e9104
Event: 6934.199 Thread 0x000000001c0a2800 DEOPT PACKING pc=0x00000000043e9104 sp=0x000000001cb3c3c0
Event: 6934.199 Thread 0x000000001c0a2800 DEOPT UNPACKING pc=0x0000000002fd583b sp=0x000000001cb3c340 mode 2
Event: 6934.199 Thread 0x000000001c0a2800 Uncommon trap: trap_request=0xffffff65 fr.pc=0x0000000004e6facc
Event: 6934.199 Thread 0x0000000019c1c800 flushing nmethod 0x0000000004d05d50
Event: 6934.199 Thread 0x000000001c0a2800 DEOPT PACKING pc=0x0000000004e6facc sp=0x000000001cb3c260
Event: 6934.199 Thread 0x000000001c0a2800 DEOPT UNPACKING pc=0x0000000002fd583b sp=0x000000001cb3c288 mode 2
Event: 6934.200 Thread 0x0000000019c1c800 flushing nmethod 0x0000000004e2a590
Event: 6934.238 loading class com/st/components/swing/AutocompleteComboBox$2
Event: 6934.238 loading class com/st/components/swing/AutocompleteComboBox$2 done


Dynamic libraries:
0x00007ff604080000 - 0x00007ff6040b7000 	C:\Program Files\Java\jre1.8.0_201\bin\javaw.exe
0x00007ffa464e0000 - 0x00007ffa466cd000 	C:\Windows\SYSTEM32\ntdll.dll
0x00007ffa463e0000 - 0x00007ffa46493000 	C:\Windows\System32\KERNEL32.DLL
0x00007ffa43040000 - 0x00007ffa432d3000 	C:\Windows\System32\KERNELBASE.dll
0x00007ffa44660000 - 0x00007ffa44703000 	C:\Windows\System32\ADVAPI32.dll
0x00007ffa46190000 - 0x00007ffa4622e000 	C:\Windows\System32\msvcrt.dll
0x00007ffa439e0000 - 0x00007ffa43a7e000 	C:\Windows\System32\sechost.dll
0x00007ffa44390000 - 0x00007ffa444b2000 	C:\Windows\System32\RPCRT4.dll
0x00007ffa444c0000 - 0x00007ffa44657000 	C:\Windows\System32\USER32.dll
0x00007ffa43330000 - 0x00007ffa43350000 	C:\Windows\System32\win32u.dll
0x00007ffa43920000 - 0x00007ffa43949000 	C:\Windows\System32\GDI32.dll
0x00007ffa43350000 - 0x00007ffa434ea000 	C:\Windows\System32\gdi32full.dll
0x00007ffa43670000 - 0x00007ffa43710000 	C:\Windows\System32\msvcp_win.dll
0x00007ffa434f0000 - 0x00007ffa435ea000 	C:\Windows\System32\ucrtbase.dll
0x00007ffa36200000 - 0x00007ffa36479000 	C:\Windows\WinSxS\amd64_microsoft.windows.common-controls_6595b64144ccf1df_6.0.17763.437_none_05b63dca071e5dd6\COMCTL32.dll
0x00007ffa43f10000 - 0x00007ffa4423c000 	C:\Windows\System32\combase.dll
0x00007ffa435f0000 - 0x00007ffa4366e000 	C:\Windows\System32\bcryptPrimitives.dll
0x00007ffa43950000 - 0x00007ffa4397e000 	C:\Windows\System32\IMM32.DLL
0x000000006b130000 - 0x000000006b201000 	C:\Program Files\Java\jre1.8.0_201\bin\msvcr100.dll
0x000000006a880000 - 0x000000006b124000 	C:\Program Files\Java\jre1.8.0_201\bin\server\jvm.dll
0x00007ffa43ea0000 - 0x00007ffa43ea8000 	C:\Windows\System32\PSAPI.DLL
0x00007ffa3e930000 - 0x00007ffa3e954000 	C:\Windows\SYSTEM32\WINMM.dll
0x00007ffa3e6c0000 - 0x00007ffa3e6c9000 	C:\Windows\SYSTEM32\WSOCK32.dll
0x00007ffa43da0000 - 0x00007ffa43e0d000 	C:\Windows\System32\WS2_32.dll
0x00007ffa3e750000 - 0x00007ffa3e77d000 	C:\Windows\SYSTEM32\winmmbase.dll
0x00007ffa3a890000 - 0x00007ffa3a89a000 	C:\Windows\SYSTEM32\VERSION.dll
0x00007ffa432e0000 - 0x00007ffa4332a000 	C:\Windows\System32\cfgmgr32.dll
0x00007ffa3e310000 - 0x00007ffa3e31f000 	C:\Program Files\Java\jre1.8.0_201\bin\verify.dll
0x00007ffa39410000 - 0x00007ffa39439000 	C:\Program Files\Java\jre1.8.0_201\bin\java.dll
0x00007ffa39230000 - 0x00007ffa39246000 	C:\Program Files\Java\jre1.8.0_201\bin\zip.dll
0x00007ffa44770000 - 0x00007ffa45c60000 	C:\Windows\System32\SHELL32.dll
0x00007ffa460e0000 - 0x00007ffa46188000 	C:\Windows\System32\shcore.dll
0x00007ffa428d0000 - 0x00007ffa4301a000 	C:\Windows\System32\windows.storage.dll
0x00007ffa42520000 - 0x00007ffa42544000 	C:\Windows\System32\profapi.dll
0x00007ffa42550000 - 0x00007ffa425ad000 	C:\Windows\System32\powrprof.dll
0x00007ffa43980000 - 0x00007ffa439d2000 	C:\Windows\System32\shlwapi.dll
0x00007ffa424e0000 - 0x00007ffa424f1000 	C:\Windows\System32\kernel.appcore.dll
0x00007ffa43020000 - 0x00007ffa43037000 	C:\Windows\System32\cryptsp.dll
0x00007ffa38ce0000 - 0x00007ffa38cfa000 	C:\Program Files\Java\jre1.8.0_201\bin\net.dll
0x00007ffa32a00000 - 0x00007ffa32bd6000 	C:\Windows\SYSTEM32\urlmon.dll
0x00007ffa33600000 - 0x00007ffa338a8000 	C:\Windows\SYSTEM32\iertutil.dll
0x00007ffa41f30000 - 0x00007ffa41f3c000 	C:\Windows\SYSTEM32\CRYPTBASE.DLL
0x00007ffa41d60000 - 0x00007ffa41dc7000 	C:\Windows\system32\mswsock.dll
0x00007ffa41b00000 - 0x00007ffa41bc6000 	C:\Windows\SYSTEM32\DNSAPI.dll
0x00007ffa464a0000 - 0x00007ffa464a8000 	C:\Windows\System32\NSI.dll
0x00007ffa41ac0000 - 0x00007ffa41afd000 	C:\Windows\SYSTEM32\IPHLPAPI.DLL
0x000000006b550000 - 0x000000006b576000 	C:\Program Files\Bonjour\mdnsNSP.dll
0x00007ffa382b0000 - 0x00007ffa382ba000 	C:\Windows\System32\rasadhlp.dll
0x00007ffa3e300000 - 0x00007ffa3e30d000 	C:\Program Files\Java\jre1.8.0_201\bin\management.dll
0x00007ff9e1d20000 - 0x00007ff9e1eb9000 	C:\Program Files\Java\jre1.8.0_201\bin\awt.dll
0x00007ffa46230000 - 0x00007ffa462f4000 	C:\Windows\System32\OLEAUT32.dll
0x00007ffa407a0000 - 0x00007ffa4082c000 	C:\Windows\SYSTEM32\apphelp.dll
0x00007ffa40890000 - 0x00007ffa4092c000 	C:\Windows\system32\uxtheme.dll
0x00007ffa43c30000 - 0x00007ffa43d9a000 	C:\Windows\System32\MSCTF.dll
0x00007ffa40de0000 - 0x00007ffa40e0e000 	C:\Windows\system32\dwmapi.dll
0x00007ffa425b0000 - 0x00007ffa4278b000 	C:\Windows\System32\CRYPT32.dll
0x00007ffa42500000 - 0x00007ffa42512000 	C:\Windows\System32\MSASN1.dll
0x00007ffa43710000 - 0x00007ffa43865000 	C:\Windows\System32\ole32.dll
0x00007ffa1bc30000 - 0x00007ffa1bd57000 	C:\Windows\system32\opengl32.dll
0x00007ffa1d9f0000 - 0x00007ffa1da1c000 	C:\Windows\SYSTEM32\GLU32.dll
0x00007ffa41920000 - 0x00007ffa41953000 	C:\Windows\system32\rsaenh.dll
0x00007ffa428a0000 - 0x00007ffa428c6000 	C:\Windows\System32\bcrypt.dll
0x00007ffa423e0000 - 0x00007ffa42408000 	C:\Windows\SYSTEM32\USERENV.dll
0x00007ffa3d8e0000 - 0x00007ffa3d8f6000 	C:\Windows\SYSTEM32\dhcpcsvc6.DLL
0x00007ffa3d880000 - 0x00007ffa3d89c000 	C:\Windows\SYSTEM32\dhcpcsvc.DLL
0x00007ffa384b0000 - 0x00007ffa384c1000 	C:\Program Files\Java\jre1.8.0_201\bin\nio.dll
0x00007ffa22410000 - 0x00007ffa22426000 	C:\Windows\system32\napinsp.dll
0x00007ffa21a40000 - 0x00007ffa21a5a000 	C:\Windows\system32\pnrpnsp.dll
0x00007ffa27a10000 - 0x00007ffa27a1e000 	C:\Windows\System32\winrnr.dll
0x00007ffa3f210000 - 0x00007ffa3f22b000 	C:\Windows\system32\NLAapi.dll
0x00007ffa213d0000 - 0x00007ffa213e5000 	C:\Windows\system32\wshbth.dll
0x00007ffa38410000 - 0x00007ffa38489000 	C:\Windows\System32\fwpuclnt.dll
0x00007ffa3be20000 - 0x00007ffa3be67000 	C:\Program Files\Java\jre1.8.0_201\bin\fontmanager.dll
0x00007ffa3bdd0000 - 0x00007ffa3be12000 	C:\Program Files\Java\jre1.8.0_201\bin\t2k.dll
0x00007ffa385f0000 - 0x00007ffa38621000 	C:\Program Files\Java\jre1.8.0_201\bin\jpeg.dll
0x00007ffa43870000 - 0x00007ffa43912000 	C:\Windows\System32\clbcatq.dll
0x00007ffa3b390000 - 0x00007ffa3b548000 	C:\Windows\SYSTEM32\WindowsCodecs.dll
0x00007ffa1b980000 - 0x00007ffa1b9d6000 	C:\Windows\system32\dataexchange.dll
0x00007ffa3ff10000 - 0x00007ffa400d3000 	C:\Windows\system32\dcomp.dll
0x00007ffa3fc50000 - 0x00007ffa3fece000 	C:\Windows\system32\d3d11.dll
0x00007ffa41330000 - 0x00007ffa413f2000 	C:\Windows\system32\dxgi.dll
0x00007ffa40bd0000 - 0x00007ffa40ddd000 	C:\Windows\system32\twinapi.appcore.dll
0x00007ffa40e10000 - 0x00007ffa40e38000 	C:\Windows\system32\RMCLIENT.dll
0x00007ffa34c00000 - 0x00007ffa34c95000 	C:\Windows\System32\TextInputFramework.dll
0x00007ffa3c510000 - 0x00007ffa3c832000 	C:\Windows\System32\CoreUIComponents.dll
0x00007ffa40220000 - 0x00007ffa40302000 	C:\Windows\System32\CoreMessaging.dll
0x00007ffa3e540000 - 0x00007ffa3e693000 	C:\Windows\SYSTEM32\wintypes.dll
0x00007ffa415a0000 - 0x00007ffa415d1000 	C:\Windows\SYSTEM32\ntmarta.dll
0x00007ffa38580000 - 0x00007ffa385aa000 	C:\Program Files\Java\jre1.8.0_201\bin\dcpr.dll
0x00007ffa3e780000 - 0x00007ffa3e928000 	C:\Windows\SYSTEM32\PROPSYS.dll
0x00007ffa174d0000 - 0x00007ffa17515000 	C:\Windows\SYSTEM32\edputil.dll
0x00007ffa20d30000 - 0x00007ffa20e58000 	C:\Windows\System32\Windows.StateRepositoryPS.dll
0x00007ffa3bac0000 - 0x00007ffa3bb05000 	C:\Windows\System32\Windows.UI.AppDefaults.dll
0x00007ffa3e160000 - 0x00007ffa3e1e0000 	C:\Windows\SYSTEM32\policymanager.dll
0x00007ffa3e1f0000 - 0x00007ffa3e27a000 	C:\Windows\SYSTEM32\msvcp110_win.dll
0x00007ffa42410000 - 0x00007ffa4243f000 	C:\Windows\SYSTEM32\SspiCli.dll
0x00007ffa1c090000 - 0x00007ffa1c0af000 	C:\Windows\SYSTEM32\CLDAPI.dll
0x00007ffa21df0000 - 0x00007ffa21dfa000 	C:\Windows\SYSTEM32\FLTLIB.DLL
0x00007ffa1c480000 - 0x00007ffa1c50a000 	C:\Windows\System32\appresolver.dll
0x00007ffa41450000 - 0x00007ffa41478000 	C:\Windows\System32\SLC.dll
0x00007ffa355a0000 - 0x00007ffa355fc000 	C:\Windows\System32\Bcp47Langs.dll
0x00007ffa41420000 - 0x00007ffa41446000 	C:\Windows\System32\sppc.dll
0x00007ffa0adb0000 - 0x00007ffa0af83000 	C:\Windows\system32\msctfuimanager.dll
0x00007ffa039d0000 - 0x00007ffa03b85000 	C:\Windows\system32\DUI70.dll
0x00007ffa0c6b0000 - 0x00007ffa0c744000 	C:\Windows\system32\DUser.dll
0x00007ffa12d10000 - 0x00007ffa12f6b000 	C:\Windows\SYSTEM32\UIAutomationCore.dll
0x00007ffa42340000 - 0x00007ffa423db000 	C:\Windows\SYSTEM32\sxs.dll
0x00007ffa3b080000 - 0x00007ffa3b0c8000 	C:\Windows\System32\UIAnimation.dll
0x00007ffa378a0000 - 0x00007ffa3790c000 	C:\Windows\System32\oleacc.dll
0x00007ffa32490000 - 0x00007ffa3278f000 	C:\Windows\system32\dwrite.dll
0x00007ffa0d7f0000 - 0x00007ffa0df2b000 	C:\Windows\SYSTEM32\D3D10Warp.dll
0x00007ffa31240000 - 0x00007ffa312d8000 	C:\Windows\system32\directmanipulation.dll
0x00007ffa27820000 - 0x00007ffa27a0d000 	C:\Windows\SYSTEM32\dbghelp.dll

VM Arguments:
java_command: com.st.microxplorer.maingui.STM32CubeMX C:\Users\zws\Desktop\muc_template\muc_template.ioc
java_class_path (initial): C:\Program Files\STMicroelectronics\STM32Cube\STM32CubeMX\STM32CubeMX.exe;anything
Launcher Type: SUN_STANDARD

Environment Variables:
PATH=C:\Program Files\STMicroelectronics\STM32Cube\STM32CubeMX\;C:\Program Files (x86)\Common Files\Oracle\Java\javapath;C:\Program Files (x86)\NVIDIA Corporation\PhysX\Common;C:\Windows\system32;C:\Windows;C:\Windows\System32\Wbem;C:\Windows\System32\WindowsPowerShell\v1.0\;C:\Windows\System32\OpenSSH\;C:\Program Files\Microsoft SQL Server\Client SDK\ODBC\110\Tools\Binn\;C:\Program Files (x86)\Microsoft SQL Server\120\Tools\Binn\;C:\Program Files\Microsoft SQL Server\120\Tools\Binn\;C:\Program Files\Microsoft SQL Server\120\DTS\Binn\;C:\Program Files (x86)\Windows Kits\8.1\Windows Performance Toolkit\;d:\Program Files\Git\cmd;D:\Program Files\nodejs\;C:\Users\zws\AppData\Local\Programs\Python\Python37;d:\Ruby25-x64\bin;C:\Users\zws\AppData\Local\Microsoft\WindowsApps;D:\Users\zws\AppData\Local\Programs\Microsoft VS Code\bin;C:\Users\zws\AppData\Roaming\npm;C:\Program Files\Java\jre1.8.0_201\bin
USERNAME=zws
OS=Windows_NT
PROCESSOR_IDENTIFIER=Intel64 Family 6 Model 60 Stepping 3, GenuineIntel



---------------  S Y S T E M  ---------------

OS: Windows 10.0 , 64 bit Build 17763 (10.0.17763.437)

CPU:total 4 (initial active 4) (2 cores per cpu, 2 threads per core) family 6 model 60 stepping 3, cmov, cx8, fxsr, mmx, sse, sse2, sse3, ssse3, sse4.1, sse4.2, popcnt, avx, avx2, aes, clmul, erms, lzcnt, ht, tsc, tscinvbit, bmi1, bmi2

Memory: 4k page, physical 12004368k(4942444k free), swap 13839376k(4620912k free)

vm_info: Java HotSpot(TM) 64-Bit Server VM (25.201-b09) for windows-amd64 JRE (1.8.0_201-b09), built on Dec 15 2018 18:36:39 by "java_re" with MS VC++ 10.0 (VS2010)

time: Mon Apr 15 22:11:53 2019
timezone: 中国标准时间
elapsed time: 6934 seconds (0d 1h 55m 34s)

