#
# A fatal error has been detected by the Java Runtime Environment:
#
#  EXCEPTION_ACCESS_VIOLATION (0xc0000005) at pc=0x0000000000000000, pid=7440, tid=0x0000000000002d60
#
# JRE version: Java(TM) SE Runtime Environment (8.0_201-b09) (build 1.8.0_201-b09)
# Java VM: Java HotSpot(TM) 64-Bit Server VM (25.201-b09 mixed mode windows-amd64 compressed oops)
# Problematic frame:
# C  0x0000000000000000
#
# Failed to write core dump. Minidumps are not enabled by default on client versions of Windows
#
# If you would like to submit a bug report, please visit:
#   http://bugreport.java.com/bugreport/crash.jsp
# The crash happened outside the Java Virtual Machine in native code.
# See problematic frame for where to report the bug.
#

---------------  T H R E A D  ---------------

Current thread (0x000000001c771800):  JavaThread "AWT-Windows" daemon [_thread_in_native, id=11616, stack(0x000000001ce50000,0x000000001cf50000)]

siginfo: ExceptionCode=0xc0000005, ExceptionInformation=0x0000000000000008 0x0000000000000000

Registers:
RAX=0x0000000000000000, RBX=0x000000001fd8f6e0, RCX=0x00000000013af6a0, RDX=0x000000001cf4d6e0
RSP=0x000000001cf4d678, RBP=0x000000001cf4d6c0, RSI=0x00000000013af6a0, RDI=0x00000000013af6a0
R8 =0x000000001cf4d5a8, R9 =0x000000001cf4d610, R10=0x0000000000000000, R11=0x0000000000000246
R12=0x0000000000000000, R13=0x000000001fd7c948, R14=0x0000000000000050, R15=0x000000001cf4db60
RIP=0x0000000000000000, EFLAGS=0x0000000000010246

Top of Stack: (sp=0x000000001cf4d678)
0x000000001cf4d678:   00007ffced46c9e7 0000000700000e65
0x000000001cf4d688:   0000000000000000 000000001cf4db60
0x000000001cf4d698:   0000000000000050 0000000000000804
0x000000001cf4d6a8:   00007ffced479312 0000000000000000
0x000000001cf4d6b8:   0000000000000804 00000000013af6a0
0x000000001cf4d6c8:   000000001fd8f6e0 000000001cf4d7e0
0x000000001cf4d6d8:   00007ffced46bfba 0000000000000000
0x000000001cf4d6e8:   0000000000000000 000000001cf4d7e0
0x000000001cf4d6f8:   000000001fd8f6e0 0000000000000000
0x000000001cf4d708:   0000000000000010 0000000000000000
0x000000001cf4d718:   000000001cf4d730 0000000000000000
0x000000001cf4d728:   0000000000000000 0000000000000000
0x000000001cf4d738:   0000000000000804 000000001fdae210
0x000000001cf4d748:   000000001cf4db60 000000001cf4db78
0x000000001cf4d758:   0000000000000e65 0000000000000007
0x000000001cf4d768:   0000000000000001 000000001fd8f954 

Instructions: (pc=0x0000000000000000)
0xffffffffffffffe0:   


Register to memory mapping:

RAX=0x0000000000000000 is an unknown value
RBX=0x000000001fd8f6e0 is an unknown value
RCX=0x00000000013af6a0 is an unknown value
RDX=0x000000001cf4d6e0 is pointing into the stack for thread: 0x000000001c771800
RSP=0x000000001cf4d678 is pointing into the stack for thread: 0x000000001c771800
RBP=0x000000001cf4d6c0 is pointing into the stack for thread: 0x000000001c771800
RSI=0x00000000013af6a0 is an unknown value
RDI=0x00000000013af6a0 is an unknown value
R8 =0x000000001cf4d5a8 is pointing into the stack for thread: 0x000000001c771800
R9 =0x000000001cf4d610 is pointing into the stack for thread: 0x000000001c771800
R10=0x0000000000000000 is an unknown value
R11=0x0000000000000246 is an unknown value
R12=0x0000000000000000 is an unknown value
R13=0x000000001fd7c948 is an unknown value
R14=0x0000000000000050 is an unknown value
R15=0x000000001cf4db60 is pointing into the stack for thread: 0x000000001c771800


Stack: [0x000000001ce50000,0x000000001cf50000],  sp=0x000000001cf4d678,  free space=1013k
Native frames: (J=compiled Java code, j=interpreted, Vv=VM code, C=native code)

Java frames: (J=compiled Java code, j=interpreted, Vv=VM code)
j  sun.awt.windows.WToolkit.eventLoop()V+0
j  sun.awt.windows.WToolkit.run()V+58
j  java.lang.Thread.run()V+11
v  ~StubRoutines::call_stub

---------------  P R O C E S S  ---------------

Java Threads: ( => current thread )
  0x000000001a2b1000 JavaThread "Image Fetcher 0" daemon [_thread_blocked, id=6232, stack(0x00000000299c0000,0x0000000029ac0000)]
  0x000000001ec5c800 JavaThread "TimerQueue" daemon [_thread_blocked, id=3196, stack(0x000000001fb70000,0x000000001fc70000)]
  0x0000000003533000 JavaThread "DestroyJavaVM" [_thread_blocked, id=1776, stack(0x0000000003430000,0x0000000003530000)]
  0x000000001c774800 JavaThread "AWT-EventQueue-0" [_thread_blocked, id=6988, stack(0x000000001d0c0000,0x000000001d1c0000)]
=>0x000000001c771800 JavaThread "AWT-Windows" daemon [_thread_in_native, id=11616, stack(0x000000001ce50000,0x000000001cf50000)]
  0x000000001c70e800 JavaThread "AWT-Shutdown" [_thread_blocked, id=9948, stack(0x000000001cd50000,0x000000001ce50000)]
  0x000000001c70d800 JavaThread "Java2D Disposer" daemon [_thread_blocked, id=7812, stack(0x000000001c1a0000,0x000000001c2a0000)]
  0x000000001b676000 JavaThread "Service Thread" daemon [_thread_blocked, id=9940, stack(0x000000001bef0000,0x000000001bff0000)]
  0x000000001a2b0800 JavaThread "C1 CompilerThread2" daemon [_thread_blocked, id=6620, stack(0x000000001bdf0000,0x000000001bef0000)]
  0x000000001a2af800 JavaThread "C2 CompilerThread1" daemon [_thread_blocked, id=772, stack(0x000000001bcf0000,0x000000001bdf0000)]
  0x000000001a2aa000 JavaThread "C2 CompilerThread0" daemon [_thread_blocked, id=2768, stack(0x000000001bbf0000,0x000000001bcf0000)]
  0x000000001a2a9000 JavaThread "Attach Listener" daemon [_thread_blocked, id=1656, stack(0x000000001baf0000,0x000000001bbf0000)]
  0x000000001b633800 JavaThread "Signal Dispatcher" daemon [_thread_blocked, id=11832, stack(0x000000001b9f0000,0x000000001baf0000)]
  0x000000001a27a800 JavaThread "Finalizer" daemon [_thread_blocked, id=7832, stack(0x000000001b4f0000,0x000000001b5f0000)]
  0x0000000003620000 JavaThread "Reference Handler" daemon [_thread_blocked, id=5996, stack(0x000000001b3f0000,0x000000001b4f0000)]

Other Threads:
  0x000000001a258000 VMThread [stack: 0x000000001b2f0000,0x000000001b3f0000] [id=5796]
  0x000000001b6a1800 WatcherThread [stack: 0x000000001bff0000,0x000000001c0f0000] [id=3552]

VM state:not at safepoint (normal execution)

VM Mutex/Monitor currently owned by a thread: None

heap address: 0x0000000708c00000, size: 2932 MB, Compressed Oops mode: Zero based, Oop shift amount: 3
Narrow klass base: 0x0000000000000000, Narrow klass shift: 3
Compressed class space size: 1073741824 Address: 0x00000007c0000000

Heap:
 PSYoungGen      total 964096K, used 870501K [0x0000000782f00000, 0x00000007c0000000, 0x00000007c0000000)
  eden space 960512K, 90% used [0x0000000782f00000,0x00000007b8119670,0x00000007bd900000)
  from space 3584K, 0% used [0x00000007bfb80000,0x00000007bfb80000,0x00000007bff00000)
  to   space 19968K, 0% used [0x00000007bd900000,0x00000007bd900000,0x00000007bec80000)
 ParOldGen       total 147968K, used 65664K [0x0000000708c00000, 0x0000000711c80000, 0x0000000782f00000)
  object space 147968K, 44% used [0x0000000708c00000,0x000000070cc20030,0x0000000711c80000)
 Metaspace       used 45151K, capacity 47170K, committed 47488K, reserved 1089536K
  class space    used 5781K, capacity 6705K, committed 6784K, reserved 1048576K

Card table byte_map: [0x00000000129f0000,0x0000000012fb0000] byte_map_base: 0x000000000f1aa000

Marking Bits: (ParMarkBitMap*) 0x00000000759d4ce0
 Begin Bits: [0x0000000013790000, 0x0000000016560000)
 End Bits:   [0x0000000016560000, 0x0000000019330000)

Polling page: 0x0000000001300000

CodeCache: size=245760Kb used=24483Kb max_used=24837Kb free=221276Kb
 bounds [0x0000000003630000, 0x0000000004ea0000, 0x0000000012630000]
 total_blobs=7819 nmethods=7122 adapters=606
 compilation: enabled

Compilation events (10 events):
Event: 49.500 Thread 0x000000001a2aa000 8482       4       sun.font.GlyphList::ensureCapacity (79 bytes)
Event: 49.500 Thread 0x000000001a2b0800 nmethod 8481 0x0000000004850910 code [0x0000000004850a80, 0x0000000004850ea8]
Event: 49.503 Thread 0x000000001a2aa000 nmethod 8482 0x00000000040f2d90 code [0x00000000040f2ee0, 0x00000000040f3258]
Event: 49.515 Thread 0x000000001a2b0800 8483       3       javax.swing.JPopupMenu::isVisible (13 bytes)
Event: 49.515 Thread 0x000000001a2b0800 nmethod 8483 0x0000000004e8d790 code [0x0000000004e8d8e0, 0x0000000004e8da90]
Event: 49.520 Thread 0x000000001a2b0800 8484       1       sun.awt.NullComponentPeer::layout (1 bytes)
Event: 49.520 Thread 0x000000001a2b0800 nmethod 8484 0x0000000003845c90 code [0x0000000003845de0, 0x0000000003845ef0]
Event: 49.521 Thread 0x000000001a2b0800 8485       3       javax.swing.ViewportLayout::layoutContainer (365 bytes)
Event: 49.523 Thread 0x000000001a2b0800 nmethod 8485 0x00000000040e7b90 code [0x00000000040e7ec0, 0x00000000040ea238]
Event: 49.524 Thread 0x000000001a2af800 nmethod 8477 0x000000000431f190 code [0x000000000431f3e0, 0x0000000004321400]

GC Heap History (10 events):
Event: 30.538 GC heap before
{Heap before GC invocations=47 (full 2):
 PSYoungGen      total 994816K, used 990432K [0x0000000782f00000, 0x00000007bff80000, 0x00000007c0000000)
  eden space 990208K, 100% used [0x0000000782f00000,0x00000007bf600000,0x00000007bf600000)
  from space 4608K, 4% used [0x00000007bfa80000,0x00000007bfab8000,0x00000007bff00000)
  to   space 4608K, 0% used [0x00000007bf600000,0x00000007bf600000,0x00000007bfa80000)
 ParOldGen       total 80896K, used 39436K [0x0000000708c00000, 0x000000070db00000, 0x0000000782f00000)
  object space 80896K, 48% used [0x0000000708c00000,0x000000070b283298,0x000000070db00000)
 Metaspace       used 36113K, capacity 37952K, committed 38272K, reserved 1081344K
  class space    used 4534K, capacity 5434K, committed 5504K, reserved 1048576K
Event: 30.540 GC heap after
Heap after GC invocations=47 (full 2):
 PSYoungGen      total 994816K, used 192K [0x0000000782f00000, 0x00000007bff00000, 0x00000007c0000000)
  eden space 990208K, 0% used [0x0000000782f00000,0x0000000782f00000,0x00000007bf600000)
  from space 4608K, 4% used [0x00000007bf600000,0x00000007bf630000,0x00000007bfa80000)
  to   space 4096K, 0% used [0x00000007bfb00000,0x00000007bfb00000,0x00000007bff00000)
 ParOldGen       total 80896K, used 39444K [0x0000000708c00000, 0x000000070db00000, 0x0000000782f00000)
  object space 80896K, 48% used [0x0000000708c00000,0x000000070b285298,0x000000070db00000)
 Metaspace       used 36113K, capacity 37952K, committed 38272K, reserved 1081344K
  class space    used 4534K, capacity 5434K, committed 5504K, reserved 1048576K
}
Event: 30.589 GC heap before
{Heap before GC invocations=48 (full 2):
 PSYoungGen      total 994816K, used 990400K [0x0000000782f00000, 0x00000007bff00000, 0x00000007c0000000)
  eden space 990208K, 100% used [0x0000000782f00000,0x00000007bf600000,0x00000007bf600000)
  from space 4608K, 4% used [0x00000007bf600000,0x00000007bf630000,0x00000007bfa80000)
  to   space 4096K, 0% used [0x00000007bfb00000,0x00000007bfb00000,0x00000007bff00000)
 ParOldGen       total 80896K, used 39444K [0x0000000708c00000, 0x000000070db00000, 0x0000000782f00000)
  object space 80896K, 48% used [0x0000000708c00000,0x000000070b285298,0x000000070db00000)
 Metaspace       used 36113K, capacity 37952K, committed 38272K, reserved 1081344K
  class space    used 4534K, capacity 5434K, committed 5504K, reserved 1048576K
Event: 30.592 GC heap after
Heap after GC invocations=48 (full 2):
 PSYoungGen      total 995328K, used 384K [0x0000000782f00000, 0x00000007bff80000, 0x00000007c0000000)
  eden space 991232K, 0% used [0x0000000782f00000,0x0000000782f00000,0x00000007bf700000)
  from space 4096K, 9% used [0x00000007bfb00000,0x00000007bfb60000,0x00000007bff00000)
  to   space 4096K, 0% used [0x00000007bf700000,0x00000007bf700000,0x00000007bfb00000)
 ParOldGen       total 80896K, used 39460K [0x0000000708c00000, 0x000000070db00000, 0x0000000782f00000)
  object space 80896K, 48% used [0x0000000708c00000,0x000000070b289298,0x000000070db00000)
 Metaspace       used 36113K, capacity 37952K, committed 38272K, reserved 1081344K
  class space    used 4534K, capacity 5434K, committed 5504K, reserved 1048576K
}
Event: 32.782 GC heap before
{Heap before GC invocations=49 (full 2):
 PSYoungGen      total 995328K, used 991616K [0x0000000782f00000, 0x00000007bff80000, 0x00000007c0000000)
  eden space 991232K, 100% used [0x0000000782f00000,0x00000007bf700000,0x00000007bf700000)
  from space 4096K, 9% used [0x00000007bfb00000,0x00000007bfb60000,0x00000007bff00000)
  to   space 4096K, 0% used [0x00000007bf700000,0x00000007bf700000,0x00000007bfb00000)
 ParOldGen       total 80896K, used 39460K [0x0000000708c00000, 0x000000070db00000, 0x0000000782f00000)
  object space 80896K, 48% used [0x0000000708c00000,0x000000070b289298,0x000000070db00000)
 Metaspace       used 36174K, capacity 38016K, committed 38272K, reserved 1081344K
  class space    used 4536K, capacity 5434K, committed 5504K, reserved 1048576K
Event: 32.784 GC heap after
Heap after GC invocations=49 (full 2):
 PSYoungGen      total 995328K, used 544K [0x0000000782f00000, 0x00000007bff00000, 0x00000007c0000000)
  eden space 991232K, 0% used [0x0000000782f00000,0x0000000782f00000,0x00000007bf700000)
  from space 4096K, 13% used [0x00000007bf700000,0x00000007bf788000,0x00000007bfb00000)
  to   space 3584K, 0% used [0x00000007bfb80000,0x00000007bfb80000,0x00000007bff00000)
 ParOldGen       total 80896K, used 39476K [0x0000000708c00000, 0x000000070db00000, 0x0000000782f00000)
  object space 80896K, 48% used [0x0000000708c00000,0x000000070b28d298,0x000000070db00000)
 Metaspace       used 36174K, capacity 38016K, committed 38272K, reserved 1081344K
  class space    used 4536K, capacity 5434K, committed 5504K, reserved 1048576K
}
Event: 37.635 GC heap before
{Heap before GC invocations=50 (full 2):
 PSYoungGen      total 995328K, used 991776K [0x0000000782f00000, 0x00000007bff00000, 0x00000007c0000000)
  eden space 991232K, 100% used [0x0000000782f00000,0x00000007bf700000,0x00000007bf700000)
  from space 4096K, 13% used [0x00000007bf700000,0x00000007bf788000,0x00000007bfb00000)
  to   space 3584K, 0% used [0x00000007bfb80000,0x00000007bfb80000,0x00000007bff00000)
 ParOldGen       total 80896K, used 39476K [0x0000000708c00000, 0x000000070db00000, 0x0000000782f00000)
  object space 80896K, 48% used [0x0000000708c00000,0x000000070b28d298,0x000000070db00000)
 Metaspace       used 43496K, capacity 45592K, committed 45824K, reserved 1089536K
  class space    used 5656K, capacity 6570K, committed 6656K, reserved 1048576K
Event: 37.684 GC heap after
Heap after GC invocations=50 (full 2):
 PSYoungGen      total 964096K, used 3558K [0x0000000782f00000, 0x00000007c0000000, 0x00000007c0000000)
  eden space 960512K, 0% used [0x0000000782f00000,0x0000000782f00000,0x00000007bd900000)
  from space 3584K, 99% used [0x00000007bfb80000,0x00000007bfef9ac0,0x00000007bff00000)
  to   space 19968K, 0% used [0x00000007bd900000,0x00000007bd900000,0x00000007bec80000)
 ParOldGen       total 81408K, used 81127K [0x0000000708c00000, 0x000000070db80000, 0x0000000782f00000)
  object space 81408K, 99% used [0x0000000708c00000,0x000000070db39f50,0x000000070db80000)
 Metaspace       used 43496K, capacity 45592K, committed 45824K, reserved 1089536K
  class space    used 5656K, capacity 6570K, committed 6656K, reserved 1048576K
}
Event: 37.684 GC heap before
{Heap before GC invocations=51 (full 3):
 PSYoungGen      total 964096K, used 3558K [0x0000000782f00000, 0x00000007c0000000, 0x00000007c0000000)
  eden space 960512K, 0% used [0x0000000782f00000,0x0000000782f00000,0x00000007bd900000)
  from space 3584K, 99% used [0x00000007bfb80000,0x00000007bfef9ac0,0x00000007bff00000)
  to   space 19968K, 0% used [0x00000007bd900000,0x00000007bd900000,0x00000007bec80000)
 ParOldGen       total 81408K, used 81127K [0x0000000708c00000, 0x000000070db80000, 0x0000000782f00000)
  object space 81408K, 99% used [0x0000000708c00000,0x000000070db39f50,0x000000070db80000)
 Metaspace       used 43496K, capacity 45592K, committed 45824K, reserved 1089536K
  class space    used 5656K, capacity 6570K, committed 6656K, reserved 1048576K
Event: 37.951 GC heap after
Heap after GC invocations=51 (full 3):
 PSYoungGen      total 964096K, used 0K [0x0000000782f00000, 0x00000007c0000000, 0x00000007c0000000)
  eden space 960512K, 0% used [0x0000000782f00000,0x0000000782f00000,0x00000007bd900000)
  from space 3584K, 0% used [0x00000007bfb80000,0x00000007bfb80000,0x00000007bff00000)
  to   space 19968K, 0% used [0x00000007bd900000,0x00000007bd900000,0x00000007bec80000)
 ParOldGen       total 147968K, used 65664K [0x0000000708c00000, 0x0000000711c80000, 0x0000000782f00000)
  object space 147968K, 44% used [0x0000000708c00000,0x000000070cc20030,0x0000000711c80000)
 Metaspace       used 43496K, capacity 45592K, committed 45824K, reserved 1089536K
  class space    used 5656K, capacity 6570K, committed 6656K, reserved 1048576K
}

Deoptimization events (10 events):
Event: 45.665 Thread 0x000000001c774800 Uncommon trap: reason=class_check action=maybe_recompile pc=0x0000000004db8bc4 method=sun.java2d.pipe.ShapeSpanIterator.appendPath(Ljava/awt/geom/PathIterator;)V @ 7
Event: 45.697 Thread 0x000000001c774800 Uncommon trap: reason=class_check action=maybe_recompile pc=0x0000000004db8bc4 method=sun.java2d.pipe.ShapeSpanIterator.appendPath(Ljava/awt/geom/PathIterator;)V @ 7
Event: 47.551 Thread 0x000000001c774800 Uncommon trap: reason=unstable_if action=reinterpret pc=0x0000000004d0cf18 method=java.awt.ColorPaintContext.getRaster(IIII)Ljava/awt/image/Raster; @ 17
Event: 47.617 Thread 0x000000001c774800 Uncommon trap: reason=unstable_if action=reinterpret pc=0x0000000003b155b0 method=javax.swing.text.StyleContext$SmallAttributeSet.isDefined(Ljava/lang/Object;)Z @ 25
Event: 47.617 Thread 0x000000001c774800 Uncommon trap: reason=unstable_if action=reinterpret pc=0x00000000037a0d1c method=javax.swing.text.StyleContext$SmallAttributeSet.isDefined(Ljava/lang/Object;)Z @ 25
Event: 49.427 Thread 0x000000001c774800 Uncommon trap: reason=unstable_if action=reinterpret pc=0x0000000004c6e71c method=javax.swing.LayoutComparator.compare(Ljava/awt/Component;Ljava/awt/Component;)I @ 2
Event: 49.515 Thread 0x000000001c774800 Uncommon trap: reason=unstable_if action=reinterpret pc=0x0000000004d992c0 method=sun.java2d.SunGraphics2D.setColor(Ljava/awt/Color;)V @ 42
Event: 49.516 Thread 0x000000001c774800 Uncommon trap: reason=unstable_if action=reinterpret pc=0x00000000046345d0 method=java.awt.Component.setBackground(Ljava/awt/Color;)V @ 16
Event: 49.516 Thread 0x000000001c774800 Uncommon trap: reason=unstable_if action=reinterpret pc=0x0000000004634094 method=java.awt.Component.setForeground(Ljava/awt/Color;)V @ 16
Event: 49.517 Thread 0x000000001c774800 Uncommon trap: reason=unstable_if action=reinterpret pc=0x000000000454b484 method=java.awt.Component.setBackground(Ljava/awt/Color;)V @ 16

Classes redefined (0 events):
No events

Internal exceptions (10 events):
Event: 41.382 Thread 0x000000001c774800 Exception <a 'java/lang/NullPointerException'> (0x00000007b3671d30) thrown at [C:\re\workspace\8-2-build-windows-amd64-cygwin\jdk8u201\12322\hotspot\src\share\vm\interpreter\linkResolver.cpp, line 1185]
Event: 41.385 Thread 0x000000001c774800 Exception <a 'java/lang/NullPointerException'> (0x00000007b3746d18) thrown at [C:\re\workspace\8-2-build-windows-amd64-cygwin\jdk8u201\12322\hotspot\src\share\vm\interpreter\linkResolver.cpp, line 1185]
Event: 41.391 Thread 0x000000001c774800 Exception <a 'java/lang/NullPointerException'> (0x00000007b3aadc88) thrown at [C:\re\workspace\8-2-build-windows-amd64-cygwin\jdk8u201\12322\hotspot\src\share\vm\interpreter\linkResolver.cpp, line 1185]
Event: 41.411 Thread 0x000000001c774800 Exception <a 'java/lang/NullPointerException'> (0x00000007b42e9f10) thrown at [C:\re\workspace\8-2-build-windows-amd64-cygwin\jdk8u201\12322\hotspot\src\share\vm\interpreter\linkResolver.cpp, line 1185]
Event: 41.412 Thread 0x000000001c774800 Exception <a 'java/lang/NullPointerException'> (0x00000007b432f098) thrown at [C:\re\workspace\8-2-build-windows-amd64-cygwin\jdk8u201\12322\hotspot\src\share\vm\interpreter\linkResolver.cpp, line 1185]
Event: 41.414 Thread 0x000000001c774800 Exception <a 'java/lang/NullPointerException'> (0x00000007b439b0b8) thrown at [C:\re\workspace\8-2-build-windows-amd64-cygwin\jdk8u201\12322\hotspot\src\share\vm\interpreter\linkResolver.cpp, line 1185]
Event: 41.417 Thread 0x000000001c774800 Exception <a 'java/lang/NullPointerException'> (0x00000007b443f158) thrown at [C:\re\workspace\8-2-build-windows-amd64-cygwin\jdk8u201\12322\hotspot\src\share\vm\interpreter\linkResolver.cpp, line 1185]
Event: 41.438 Thread 0x000000001c774800 Exception <a 'java/lang/NullPointerException'> (0x00000007b4b08f10) thrown at [C:\re\workspace\8-2-build-windows-amd64-cygwin\jdk8u201\12322\hotspot\src\share\vm\interpreter\linkResolver.cpp, line 1185]
Event: 41.444 Thread 0x000000001c774800 Exception <a 'java/lang/NullPointerException'> (0x00000007b4d69ba8) thrown at [C:\re\workspace\8-2-build-windows-amd64-cygwin\jdk8u201\12322\hotspot\src\share\vm\interpreter\linkResolver.cpp, line 1185]
Event: 41.444 Thread 0x000000001c774800 Exception <a 'java/lang/NullPointerException'> (0x00000007b4d6a1c0) thrown at [C:\re\workspace\8-2-build-windows-amd64-cygwin\jdk8u201\12322\hotspot\src\share\vm\interpreter\linkResolver.cpp, line 1185]

Events (10 events):
Event: 49.515 Thread 0x000000001c774800 DEOPT UNPACKING pc=0x000000000367583b sp=0x000000001d1bc388 mode 2
Event: 49.516 Thread 0x000000001c774800 Uncommon trap: trap_request=0xffffff65 fr.pc=0x00000000046345d0
Event: 49.516 Thread 0x000000001c774800 DEOPT PACKING pc=0x00000000046345d0 sp=0x000000001d1bbe30
Event: 49.516 Thread 0x000000001c774800 DEOPT UNPACKING pc=0x000000000367583b sp=0x000000001d1bbd70 mode 2
Event: 49.516 Thread 0x000000001c774800 Uncommon trap: trap_request=0xffffff65 fr.pc=0x0000000004634094
Event: 49.516 Thread 0x000000001c774800 DEOPT PACKING pc=0x0000000004634094 sp=0x000000001d1bbe30
Event: 49.516 Thread 0x000000001c774800 DEOPT UNPACKING pc=0x000000000367583b sp=0x000000001d1bbd70 mode 2
Event: 49.517 Thread 0x000000001c774800 Uncommon trap: trap_request=0xffffff65 fr.pc=0x000000000454b484
Event: 49.517 Thread 0x000000001c774800 DEOPT PACKING pc=0x000000000454b484 sp=0x000000001d1bbdb0
Event: 49.517 Thread 0x000000001c774800 DEOPT UNPACKING pc=0x000000000367583b sp=0x000000001d1bbd58 mode 2


Dynamic libraries:
0x00007ff70b5e0000 - 0x00007ff70b617000 	C:\Program Files\Java\jre1.8.0_201\bin\javaw.exe
0x00007ffd4eb00000 - 0x00007ffd4eced000 	C:\Windows\SYSTEM32\ntdll.dll
0x00007ffd4e870000 - 0x00007ffd4e923000 	C:\Windows\System32\KERNEL32.DLL
0x00007ffd4b100000 - 0x00007ffd4b393000 	C:\Windows\System32\KERNELBASE.dll
0x00007ffd4dbf0000 - 0x00007ffd4dc93000 	C:\Windows\System32\ADVAPI32.dll
0x00007ffd4bea0000 - 0x00007ffd4bf3e000 	C:\Windows\System32\msvcrt.dll
0x00007ffd4e670000 - 0x00007ffd4e70e000 	C:\Windows\System32\sechost.dll
0x00007ffd4bf40000 - 0x00007ffd4c062000 	C:\Windows\System32\RPCRT4.dll
0x00007ffd4e930000 - 0x00007ffd4eac7000 	C:\Windows\System32\USER32.dll
0x00007ffd4b030000 - 0x00007ffd4b050000 	C:\Windows\System32\win32u.dll
0x00007ffd4e190000 - 0x00007ffd4e1b9000 	C:\Windows\System32\GDI32.dll
0x00007ffd4ad20000 - 0x00007ffd4aeba000 	C:\Windows\System32\gdi32full.dll
0x00007ffd4ac80000 - 0x00007ffd4ad20000 	C:\Windows\System32\msvcp_win.dll
0x00007ffd4aee0000 - 0x00007ffd4afda000 	C:\Windows\System32\ucrtbase.dll
0x00007ffd3e960000 - 0x00007ffd3ebd9000 	C:\Windows\WinSxS\amd64_microsoft.windows.common-controls_6595b64144ccf1df_6.0.17763.437_none_05b63dca071e5dd6\COMCTL32.dll
0x00007ffd4dd00000 - 0x00007ffd4e02c000 	C:\Windows\System32\combase.dll
0x00007ffd4b080000 - 0x00007ffd4b0fe000 	C:\Windows\System32\bcryptPrimitives.dll
0x00007ffd4e1c0000 - 0x00007ffd4e1ee000 	C:\Windows\System32\IMM32.DLL
0x0000000075a60000 - 0x0000000075b31000 	C:\Program Files\Java\jre1.8.0_201\bin\msvcr100.dll
0x00000000751b0000 - 0x0000000075a54000 	C:\Program Files\Java\jre1.8.0_201\bin\server\jvm.dll
0x00007ffd4d6b0000 - 0x00007ffd4d6b8000 	C:\Windows\System32\PSAPI.DLL
0x00007ffd46ba0000 - 0x00007ffd46bc4000 	C:\Windows\SYSTEM32\WINMM.dll
0x00007ffd44d40000 - 0x00007ffd44d49000 	C:\Windows\SYSTEM32\WSOCK32.dll
0x00007ffd43cc0000 - 0x00007ffd43cca000 	C:\Windows\SYSTEM32\VERSION.dll
0x00007ffd4d9a0000 - 0x00007ffd4da0d000 	C:\Windows\System32\WS2_32.dll
0x00007ffd46a10000 - 0x00007ffd46a3d000 	C:\Windows\SYSTEM32\winmmbase.dll
0x00007ffd4afe0000 - 0x00007ffd4b02a000 	C:\Windows\System32\cfgmgr32.dll
0x00007ffd44230000 - 0x00007ffd4423f000 	C:\Program Files\Java\jre1.8.0_201\bin\verify.dll
0x00007ffd242b0000 - 0x00007ffd242d9000 	C:\Program Files\Java\jre1.8.0_201\bin\java.dll
0x00007ffd30c20000 - 0x00007ffd30c36000 	C:\Program Files\Java\jre1.8.0_201\bin\zip.dll
0x00007ffd4c090000 - 0x00007ffd4d580000 	C:\Windows\System32\SHELL32.dll
0x00007ffd4d580000 - 0x00007ffd4d628000 	C:\Windows\System32\shcore.dll
0x00007ffd4b580000 - 0x00007ffd4bcca000 	C:\Windows\System32\windows.storage.dll
0x00007ffd4ab80000 - 0x00007ffd4aba4000 	C:\Windows\System32\profapi.dll
0x00007ffd4ab00000 - 0x00007ffd4ab5d000 	C:\Windows\System32\powrprof.dll
0x00007ffd4e7a0000 - 0x00007ffd4e7f2000 	C:\Windows\System32\shlwapi.dll
0x00007ffd4abb0000 - 0x00007ffd4abc1000 	C:\Windows\System32\kernel.appcore.dll
0x00007ffd4aec0000 - 0x00007ffd4aed7000 	C:\Windows\System32\cryptsp.dll
0x00007ffd2bc20000 - 0x00007ffd2bc3a000 	C:\Program Files\Java\jre1.8.0_201\bin\net.dll
0x00007ffd3adb0000 - 0x00007ffd3af86000 	C:\Windows\SYSTEM32\urlmon.dll
0x00007ffd3b490000 - 0x00007ffd3b738000 	C:\Windows\SYSTEM32\iertutil.dll
0x00007ffd4a550000 - 0x00007ffd4a55c000 	C:\Windows\SYSTEM32\CRYPTBASE.DLL
0x00007ffd4a380000 - 0x00007ffd4a3e7000 	C:\Windows\system32\mswsock.dll
0x00007ffd4a120000 - 0x00007ffd4a1e6000 	C:\Windows\SYSTEM32\DNSAPI.dll
0x00007ffd4e860000 - 0x00007ffd4e868000 	C:\Windows\System32\NSI.dll
0x00007ffd4a0e0000 - 0x00007ffd4a11d000 	C:\Windows\SYSTEM32\IPHLPAPI.DLL
0x0000000077270000 - 0x0000000077296000 	C:\Program Files\Bonjour\mdnsNSP.dll
0x00007ffd409f0000 - 0x00007ffd409fa000 	C:\Windows\System32\rasadhlp.dll
0x00007ffd43e10000 - 0x00007ffd43e1d000 	C:\Program Files\Java\jre1.8.0_201\bin\management.dll
0x00007ffcd5da0000 - 0x00007ffcd5f39000 	C:\Program Files\Java\jre1.8.0_201\bin\awt.dll
0x00007ffd4d6c0000 - 0x00007ffd4d784000 	C:\Windows\System32\OLEAUT32.dll
0x00007ffd48dc0000 - 0x00007ffd48e4c000 	C:\Windows\SYSTEM32\apphelp.dll
0x00007ffd48ef0000 - 0x00007ffd48f8c000 	C:\Windows\system32\uxtheme.dll
0x00007ffd4bd30000 - 0x00007ffd4be9a000 	C:\Windows\System32\MSCTF.dll
0x00007ffd49400000 - 0x00007ffd4942e000 	C:\Windows\system32\dwmapi.dll
0x00007ffd4b3a0000 - 0x00007ffd4b57b000 	C:\Windows\System32\CRYPT32.dll
0x00007ffd4ab60000 - 0x00007ffd4ab72000 	C:\Windows\System32\MSASN1.dll
0x00007ffd4e030000 - 0x00007ffd4e185000 	C:\Windows\System32\ole32.dll
0x00007ffd24c70000 - 0x00007ffd24d97000 	C:\Windows\system32\opengl32.dll
0x00007ffd252d0000 - 0x00007ffd252fc000 	C:\Windows\SYSTEM32\GLU32.dll
0x00007ffd49f40000 - 0x00007ffd49f73000 	C:\Windows\system32\rsaenh.dll
0x00007ffd4b050000 - 0x00007ffd4b076000 	C:\Windows\System32\bcrypt.dll
0x00007ffd4aa00000 - 0x00007ffd4aa28000 	C:\Windows\SYSTEM32\USERENV.dll
0x00007ffd45ee0000 - 0x00007ffd45ef6000 	C:\Windows\SYSTEM32\dhcpcsvc6.DLL
0x00007ffd45de0000 - 0x00007ffd45dfc000 	C:\Windows\SYSTEM32\dhcpcsvc.DLL
0x00007ffd287b0000 - 0x00007ffd287c1000 	C:\Program Files\Java\jre1.8.0_201\bin\nio.dll
0x00007ffd2bc80000 - 0x00007ffd2bc96000 	C:\Windows\system32\napinsp.dll
0x00007ffd2bd10000 - 0x00007ffd2bd2a000 	C:\Windows\system32\pnrpnsp.dll
0x00007ffd2bd00000 - 0x00007ffd2bd0e000 	C:\Windows\System32\winrnr.dll
0x00007ffd47cd0000 - 0x00007ffd47ceb000 	C:\Windows\system32\NLAapi.dll
0x00007ffd2bce0000 - 0x00007ffd2bcf5000 	C:\Windows\system32\wshbth.dll
0x00007ffd40a60000 - 0x00007ffd40ad9000 	C:\Windows\System32\fwpuclnt.dll
0x00007ffceef60000 - 0x00007ffceefa7000 	C:\Program Files\Java\jre1.8.0_201\bin\fontmanager.dll
0x00007ffceef10000 - 0x00007ffceef52000 	C:\Program Files\Java\jre1.8.0_201\bin\t2k.dll
0x00007ffd199e0000 - 0x00007ffd19a04000 	C:\Program Files\Java\jre1.8.0_201\bin\sunec.dll
0x00007ffcf0030000 - 0x00007ffcf0061000 	C:\Program Files\Java\jre1.8.0_201\bin\jpeg.dll
0x00007ffcee750000 - 0x00007ffcee78e000 	C:\Program Files\Java\jre1.8.0_201\bin\lcms.dll
0x00007ffd4da10000 - 0x00007ffd4dab2000 	C:\Windows\System32\clbcatq.dll
0x00007ffd43b00000 - 0x00007ffd43cb8000 	C:\Windows\SYSTEM32\WindowsCodecs.dll
0x00007ffd20a40000 - 0x00007ffd20a96000 	C:\Windows\system32\dataexchange.dll
0x00007ffd47cf0000 - 0x00007ffd47f6e000 	C:\Windows\system32\d3d11.dll
0x00007ffd48670000 - 0x00007ffd48833000 	C:\Windows\system32\dcomp.dll
0x00007ffd49880000 - 0x00007ffd49942000 	C:\Windows\system32\dxgi.dll
0x00007ffd491f0000 - 0x00007ffd493fd000 	C:\Windows\system32\twinapi.appcore.dll
0x00007ffd49430000 - 0x00007ffd49458000 	C:\Windows\system32\RMCLIENT.dll
0x00007ffd3d0b0000 - 0x00007ffd3d145000 	C:\Windows\System32\TextInputFramework.dll
0x00007ffd449d0000 - 0x00007ffd44cf2000 	C:\Windows\System32\CoreUIComponents.dll
0x00007ffd48840000 - 0x00007ffd48922000 	C:\Windows\System32\CoreMessaging.dll
0x00007ffd49bc0000 - 0x00007ffd49bf1000 	C:\Windows\SYSTEM32\ntmarta.dll
0x00007ffd46a40000 - 0x00007ffd46b93000 	C:\Windows\SYSTEM32\wintypes.dll
0x00007ffd43dc0000 - 0x00007ffd43dcb000 	C:\Program Files\Java\jre1.8.0_201\bin\sunmscapi.dll
0x00007ffd111a0000 - 0x00007ffd111ca000 	C:\Program Files\Java\jre1.8.0_201\bin\dcpr.dll
0x00007ffced460000 - 0x00007ffced633000 	C:\Windows\system32\msctfuimanager.dll
0x00007ffcedbc0000 - 0x00007ffcedd75000 	C:\Windows\system32\DUI70.dll
0x00007ffd13770000 - 0x00007ffd13804000 	C:\Windows\system32\DUser.dll
0x00007ffd1ca20000 - 0x00007ffd1cc7b000 	C:\Windows\SYSTEM32\UIAutomationCore.dll
0x00007ffd3d9c0000 - 0x00007ffd3da1c000 	C:\Windows\SYSTEM32\Bcp47Langs.dll
0x00007ffd4a960000 - 0x00007ffd4a9fb000 	C:\Windows\SYSTEM32\sxs.dll
0x00007ffd43e50000 - 0x00007ffd43e98000 	C:\Windows\System32\UIAnimation.dll
0x00007ffd3fdd0000 - 0x00007ffd3fe3c000 	C:\Windows\System32\oleacc.dll
0x00007ffd3a960000 - 0x00007ffd3ac5f000 	C:\Windows\system32\dwrite.dll
0x00007ffd17220000 - 0x00007ffd1795b000 	C:\Windows\SYSTEM32\D3D10Warp.dll
0x00007ffd399a0000 - 0x00007ffd39a38000 	C:\Windows\system32\directmanipulation.dll
0x00007ffd305b0000 - 0x00007ffd3079d000 	C:\Windows\SYSTEM32\dbghelp.dll

VM Arguments:
java_command: com.st.microxplorer.maingui.STM32CubeMX C:\Users\zws\Desktop\muc_template\muc_template.ioc
java_class_path (initial): C:\Program Files\STMicroelectronics\STM32Cube\STM32CubeMX\STM32CubeMX.exe;anything
Launcher Type: SUN_STANDARD

Environment Variables:
PATH=C:\Program Files\STMicroelectronics\STM32Cube\STM32CubeMX\;C:\Program Files (x86)\Common Files\Oracle\Java\javapath;C:\Program Files (x86)\NVIDIA Corporation\PhysX\Common;C:\Windows\system32;C:\Windows;C:\Windows\System32\Wbem;C:\Windows\System32\WindowsPowerShell\v1.0\;C:\Windows\System32\OpenSSH\;C:\Program Files\Microsoft SQL Server\Client SDK\ODBC\110\Tools\Binn\;C:\Program Files (x86)\Microsoft SQL Server\120\Tools\Binn\;C:\Program Files\Microsoft SQL Server\120\Tools\Binn\;C:\Program Files\Microsoft SQL Server\120\DTS\Binn\;C:\Program Files (x86)\Windows Kits\8.1\Windows Performance Toolkit\;d:\Program Files\Git\cmd;D:\Program Files\nodejs\;C:\Users\zws\AppData\Local\Programs\Python\Python37;d:\Ruby25-x64\bin;C:\Users\zws\AppData\Local\Microsoft\WindowsApps;D:\Users\zws\AppData\Local\Programs\Microsoft VS Code\bin;C:\Users\zws\AppData\Roaming\npm;C:\Program Files\Java\jre1.8.0_201\bin
USERNAME=zws
OS=Windows_NT
PROCESSOR_IDENTIFIER=Intel64 Family 6 Model 60 Stepping 3, GenuineIntel



---------------  S Y S T E M  ---------------

OS: Windows 10.0 , 64 bit Build 17763 (10.0.17763.437)

CPU:total 4 (initial active 4) (2 cores per cpu, 2 threads per core) family 6 model 60 stepping 3, cmov, cx8, fxsr, mmx, sse, sse2, sse3, ssse3, sse4.1, sse4.2, popcnt, avx, avx2, aes, clmul, erms, lzcnt, ht, tsc, tscinvbit, bmi1, bmi2

Memory: 4k page, physical 12004368k(6533796k free), swap 13839376k(8037696k free)

vm_info: Java HotSpot(TM) 64-Bit Server VM (25.201-b09) for windows-amd64 JRE (1.8.0_201-b09), built on Dec 15 2018 18:36:39 by "java_re" with MS VC++ 10.0 (VS2010)

time: Sun Apr 21 19:48:38 2019
timezone: 中国标准时间
elapsed time: 49 seconds (0d 0h 0m 49s)

